<?xml version="1.0" encoding="UTF-8"?>
<testng-results skipped="0" failed="0" ignored="0" total="1" passed="1">
  <reporter-output>
  </reporter-output>
  <suite name="Default suite" duration-ms="10547" started-at="2017-09-19T00:26:17Z" finished-at="2017-09-19T00:26:27Z">
    <groups>
    </groups>
    <test name="Default test" duration-ms="10547" started-at="2017-09-19T00:26:17Z" finished-at="2017-09-19T00:26:27Z">
      <class name="Grid.SeleniumGrid">
        <test-method status="PASS" signature="setup()[pri:0, instance:Grid.SeleniumGrid@59fa1d9b]" name="setup" is-config="true" duration-ms="1504" started-at="2017-09-18T20:26:17Z" finished-at="2017-09-18T20:26:18Z">
          <reporter-output>
          </reporter-output>
        </test-method> <!-- setup -->
        <test-method status="PASS" signature="simpleTest()[pri:0, instance:Grid.SeleniumGrid@59fa1d9b]" name="simpleTest" duration-ms="9009" started-at="2017-09-18T20:26:18Z" finished-at="2017-09-18T20:26:27Z">
          <reporter-output>
          </reporter-output>
        </test-method> <!-- simpleTest -->
        <test-method status="PASS" signature="afterTest()[pri:0, instance:Grid.SeleniumGrid@59fa1d9b]" name="afterTest" is-config="true" duration-ms="1" started-at="2017-09-18T20:26:27Z" finished-at="2017-09-18T20:26:27Z">
          <reporter-output>
          </reporter-output>
        </test-method> <!-- afterTest -->
      </class> <!-- Grid.SeleniumGrid -->
    </test> <!-- Default test -->
  </suite> <!-- Default suite -->
</testng-results>
